<?xml version="1.0" encoding="UTF-8"?>
<!-- Generated by org.testng.reporters.JUnitReportReporter -->
<testsuite hostname="anha" failures="0" tests="1" name="tests.GetAndPost" time="1.505" errors="0" timestamp="2021-05-26T15:39:21 CEST" skipped="0">
  <testcase classname="tests.GetAndPost" name="testPost" time="1.505"/>
  <system-out/>
</testsuite> <!-- tests.GetAndPost -->
