<?xml version="1.0" encoding="UTF-8"?>
<!-- Generated by org.testng.reporters.JUnitReportReporter -->
<testsuite hostname="anha" failures="0" tests="1" name="tests.XMLSchemaValidator" time="2.016" errors="0" timestamp="2021-06-02T14:00:42 CEST" skipped="0">
  <testcase classname="tests.XMLSchemaValidator" name="schemaValidation" time="2.016"/>
  <system-out/>
</testsuite> <!-- tests.XMLSchemaValidator -->
