<?xml version="1.0" encoding="UTF-8"?>
<!-- Generated by org.testng.reporters.JUnitReportReporter -->
<testsuite hostname="anha" failures="0" tests="3" name="tests.PutPatchDelete" time="1.843" errors="0" timestamp="2021-05-27T12:43:32 CEST" skipped="0">
  <testcase classname="tests.PutPatchDelete" name="testPatch" time="0.271"/>
  <system-out/>
  <testcase classname="tests.PutPatchDelete" name="testPut" time="0.191"/>
  <system-out/>
  <testcase classname="tests.PutPatchDelete" name="testDelete" time="1.381"/>
  <system-out/>
</testsuite> <!-- tests.PutPatchDelete -->
