<?xml version="1.0" encoding="UTF-8"?>
<!-- Generated by org.testng.reporters.JUnitReportReporter -->
<testsuite hostname="anha" failures="0" tests="1" name="tests.LocalAPITests" time="1.029" errors="0" timestamp="2021-05-27T13:56:27 CEST" skipped="0">
  <testcase classname="tests.LocalAPITests" name="deleteUser" time="1.029"/>
  <system-out/>
</testsuite> <!-- tests.LocalAPITests -->
