<?xml version="1.0" encoding="UTF-8"?>
<!-- Generated by org.testng.reporters.JUnitReportReporter -->
<testsuite hostname="anha" failures="0" tests="1" name="tests.JSONSchemaValidator" time="1.928" errors="0" timestamp="2021-05-27T14:41:24 CEST" skipped="0">
  <testcase classname="tests.JSONSchemaValidator" name="testGet" time="1.928"/>
  <system-out/>
</testsuite> <!-- tests.JSONSchemaValidator -->
