<?xml version="1.0" encoding="UTF-8"?>
<!-- Generated by org.testng.reporters.JUnitReportReporter -->
<testsuite hostname="anha" failures="0" tests="3" name="tests.TestExamples" time="1.974" errors="0" timestamp="2021-05-26T14:38:24 CEST" skipped="0">
  <testcase classname="tests.TestExamples" name="test2" time="0.566"/>
  <system-out/>
  <testcase classname="tests.TestExamples" name="test3" time="0.154"/>
  <system-out/>
  <testcase classname="tests.TestExamples" name="test1" time="1.254"/>
  <system-out/>
</testsuite> <!-- tests.TestExamples -->
