<?xml version="1.0" encoding="UTF-8"?>
<!-- Generated by org.testng.reporters.JUnitReportReporter -->
<testsuite hostname="anha" failures="0" tests="1" name="tests.SOAPxmlRequest" time="1.951" errors="0" timestamp="2021-06-02T12:14:11 CEST" skipped="0">
  <testcase classname="tests.SOAPxmlRequest" name="validateXML" time="1.951"/>
  <system-out/>
</testsuite> <!-- tests.SOAPxmlRequest -->
